2021-02-10 13:05:30,429 DEBUG T.RecordedTest [main] screenshot file: C:\Nep-4-next\nep-qa-next@f35aa3a96df\nep-qa-automation/test-output/capture/InitAndCleanupPortal-10-02-2021-13.05.30.png
2021-02-10 13:05:30,460 INFO T.E.InitAndCleanupPortal [main] Starting Cleanup agents
2021-02-10 13:05:37,909 INFO U.R.SSHManager [main] Connected Successfully to host 10.243.68.65
2021-02-10 13:05:37,911 INFO U.R.SSHManager [main] Going to executing command: hostname
2021-02-10 13:05:37,946 DEBUG U.R.SSHManager [main] Done.
2021-02-10 13:05:37,947 INFO U.R.SSHManager [main] Going to executing command: Cluster
2021-02-10 13:05:37,962 WARN U.R.SSHManager [main] Error response: 
'Cluster' is not recognized as an internal or external command,
operable program or batch file.
2021-02-10 13:05:43,717 INFO A.SimulatedAgentActions [main] SimulatedAgentActions, DS URL: https://endpoint-protection-services.qa.tw-test.net:443/
2021-02-10 13:05:43,790 INFO T.E.InitAndCleanupPortal [main] Going to send delete action to Centcom for agent on hostanem NTY-EN-8D25HC2
2021-02-10 13:05:43,791 DEBUG A.SeleniumBrowser [main] Selenium browser Launch - Before switch application type: Chrome
2021-02-10 13:05:43,791 DEBUG A.SeleniumBrowser [main] Setting Chrome driver location: C:/home/NepManagerDownloads/utils/chromedriver.exe
2021-02-10 13:05:43,792 DEBUG A.SeleniumBrowser [main] Selenium browser Launch - After creating new hashMap
2021-02-10 13:05:43,793 DEBUG A.SeleniumBrowser [main] Selenium browser Launch - After reading MasterDownloadFolder property: C:\home\NepManagerDownloads
2021-02-10 13:05:43,793 DEBUG A.SeleniumBrowser [main] Selenium browser Launch - After put to hash
2021-02-10 13:05:43,798 DEBUG A.SeleniumBrowser [main] Selenium browser Launch - After new chrome options
2021-02-10 13:05:43,801 DEBUG A.SeleniumBrowser [main] Selenium browser Launch - After chrome setExperimentalOption
2021-02-10 13:05:43,802 DEBUG A.SeleniumBrowser [main] Selenium browser Launch - Before setting several chrome options
2021-02-10 13:05:43,843 DEBUG A.SeleniumBrowser [main] Selenium browser Launch - Before creating new chrome driver
2021-02-10 13:06:03,419 DEBUG A.SeleniumBrowser [main] Selenium browser Launch - After creating new chrome driver
2021-02-10 13:06:03,519 DEBUG A.SeleniumBrowser [main] After Setting implicit timeout
2021-02-10 13:06:05,871 DEBUG A.SeleniumBrowser [main] After maximizing window 
2021-02-10 13:06:05,871 DEBUG A.SeleniumBrowser [main] LoadURL: Before check if driver equals to null 
2021-02-10 13:06:05,871 DEBUG A.SeleniumBrowser [main] LoadURL: After check if driver equals to null 
2021-02-10 13:06:05,872 DEBUG A.SeleniumBrowser [main] LoadURL: URL =  https://portal.qa.tw-test.net
2021-02-10 13:06:12,876 DEBUG A.SeleniumBrowser [main] LoadURL: after get URL =  https://portal.qa.tw-test.net
2021-02-10 13:06:14,806 DEBUG A.BrowserActions [main] Waiting for login button to be clickable...
2021-02-10 13:06:14,976 DEBUG A.BrowserActions [main] Login button clicked successfully...
2021-02-10 13:06:17,548 DEBUG A.SeleniumBrowser [main] LoadURL: Before check if driver equals to null 
2021-02-10 13:06:17,549 DEBUG A.SeleniumBrowser [main] LoadURL: After check if driver equals to null 
2021-02-10 13:06:17,549 DEBUG A.SeleniumBrowser [main] LoadURL: URL =  https://portal.qa.tw-test.net/#/operations?menuKey=centcom-devices&stackKey=entity-search&types=EntityType.AGENT
2021-02-10 13:06:17,972 DEBUG A.SeleniumBrowser [main] LoadURL: after get URL =  https://portal.qa.tw-test.net/#/operations?menuKey=centcom-devices&stackKey=entity-search&types=EntityType.AGENT
2021-02-10 13:07:41,643 INFO T.E.InitAndCleanupPortal [main] Agent was found and delete action was done in Centcom, going to wait until service is uninstalled from agent
2021-02-10 13:07:46,658 INFO U.R.SSHManager [main] Going to executing command: net start
2021-02-10 13:07:46,736 DEBUG U.R.SSHManager [main] Done.
2021-02-10 13:07:46,737 INFO A.BaseAgentActions [main] Endpoint service was stopped!
2021-02-10 13:07:46,737 DEBUG A.BaseAgentActions [main] Agent Service was not found after uninstall
2021-02-10 13:07:46,738 INFO U.R.SSHManager [main] Going to executing command: tasklist
2021-02-10 13:07:47,440 DEBUG U.R.SSHManager [main] Done.
2021-02-10 13:07:47,441 DEBUG A.BaseAgentActions [main] Agent process was not found after uninstall
2021-02-10 13:07:47,441 INFO T.E.InitAndCleanupPortal [main] Done. Service is not running on agent
2021-02-10 13:07:49,195 DEBUG T.RecordedTest [main] screenshot file: C:\Nep-4-next\nep-qa-next@f35aa3a96df\nep-qa-automation/test-output/capture/CreateNewInstallers-10-02-2021-13.07.49.png
2021-02-10 13:07:49,195 INFO T.E.CreateNewInstallers [main] Starting Create New Installers...
2021-02-10 13:07:49,196 DEBUG A.SeleniumBrowser [main] Selenium browser Launch - Before switch application type: Chrome
2021-02-10 13:07:49,196 DEBUG A.SeleniumBrowser [main] Setting Chrome driver location: C:/home/NepManagerDownloads/utils/chromedriver.exe
2021-02-10 13:07:49,196 DEBUG A.SeleniumBrowser [main] Selenium browser Launch - After creating new hashMap
2021-02-10 13:07:49,197 DEBUG A.SeleniumBrowser [main] Selenium browser Launch - After reading MasterDownloadFolder property: C:\home\NepManagerDownloads
2021-02-10 13:07:49,197 DEBUG A.SeleniumBrowser [main] Selenium browser Launch - After put to hash
2021-02-10 13:07:49,197 DEBUG A.SeleniumBrowser [main] Selenium browser Launch - After new chrome options
2021-02-10 13:07:49,197 DEBUG A.SeleniumBrowser [main] Selenium browser Launch - After chrome setExperimentalOption
2021-02-10 13:07:49,198 DEBUG A.SeleniumBrowser [main] Selenium browser Launch - Before setting several chrome options
2021-02-10 13:07:49,198 DEBUG A.SeleniumBrowser [main] Selenium browser Launch - Before creating new chrome driver
2021-02-10 13:07:52,813 DEBUG A.SeleniumBrowser [main] Selenium browser Launch - After creating new chrome driver
2021-02-10 13:07:52,817 DEBUG A.SeleniumBrowser [main] After Setting implicit timeout
2021-02-10 13:07:54,828 DEBUG A.SeleniumBrowser [main] After maximizing window 
2021-02-10 13:07:54,829 DEBUG A.SeleniumBrowser [main] LoadURL: Before check if driver equals to null 
2021-02-10 13:07:54,829 DEBUG A.SeleniumBrowser [main] LoadURL: After check if driver equals to null 
2021-02-10 13:07:54,830 DEBUG A.SeleniumBrowser [main] LoadURL: URL =  https://portal.qa.tw-test.net
2021-02-10 13:08:03,017 DEBUG A.SeleniumBrowser [main] LoadURL: after get URL =  https://portal.qa.tw-test.net
2021-02-10 13:08:04,544 DEBUG A.BrowserActions [main] Waiting for login button to be clickable...
2021-02-10 13:08:04,743 DEBUG A.BrowserActions [main] Login button clicked successfully...
2021-02-10 13:08:07,087 DEBUG A.SeleniumBrowser [main] LoadURL: Before check if driver equals to null 
2021-02-10 13:08:07,087 DEBUG A.SeleniumBrowser [main] LoadURL: After check if driver equals to null 
2021-02-10 13:08:07,088 DEBUG A.SeleniumBrowser [main] LoadURL: URL =  https://portal.qa.tw-test.net/#/support?menuKey=file-cabinet&stackKey=file-cabinet-files
2021-02-10 13:08:07,447 DEBUG A.SeleniumBrowser [main] LoadURL: after get URL =  https://portal.qa.tw-test.net/#/support?menuKey=file-cabinet&stackKey=file-cabinet-files
2021-02-10 13:08:15,070 DEBUG A.BrowserActions [main] customerSelector_element clicked
2021-02-10 13:08:15,458 DEBUG A.BrowserActions [main] searchText_element cleared
2021-02-10 13:08:16,247 DEBUG A.BrowserActions [main] searchText_element keys sent: TrustwaveEP Test#21
2021-02-10 13:08:18,348 DEBUG A.BrowserActions [main] customerNameBy - Before wait to be clickable 
2021-02-10 13:08:18,404 DEBUG A.BrowserActions [main] customerNameBy - After wait to be clickable 
2021-02-10 13:08:18,919 DEBUG A.BrowserActions [main] customerName - After click 
2021-02-10 13:08:48,704 DEBUG A.SeleniumBrowser [main] LoadURL: Before check if driver equals to null 
2021-02-10 13:08:48,704 DEBUG A.SeleniumBrowser [main] LoadURL: After check if driver equals to null 
2021-02-10 13:08:48,704 DEBUG A.SeleniumBrowser [main] LoadURL: URL =  https://portal.qa.tw-test.net/#/operations?menuKey=centcom-devices&stackKey=entity-search&types=EntityType.AGENT
2021-02-10 13:08:48,971 DEBUG A.SeleniumBrowser [main] LoadURL: after get URL =  https://portal.qa.tw-test.net/#/operations?menuKey=centcom-devices&stackKey=entity-search&types=EntityType.AGENT
2021-02-10 13:09:28,327 INFO T.E.CreateNewInstallers [main] Finished Create New Installers.
2021-02-10 13:09:29,632 DEBUG T.RecordedTest [main] screenshot file: C:\Nep-4-next\nep-qa-next@f35aa3a96df\nep-qa-automation/test-output/capture/DownloadInstallers-10-02-2021-13.09.29.png
2021-02-10 13:09:29,633 INFO T.E.DownloadInstallers [main] Starting download Installers From File Cabinet...
2021-02-10 13:09:31,166 DEBUG A.SeleniumBrowser [main] Selenium browser Launch - Before switch application type: Chrome
2021-02-10 13:09:31,166 DEBUG A.SeleniumBrowser [main] Setting Chrome driver location: C:/home/NepManagerDownloads/utils/chromedriver.exe
2021-02-10 13:09:31,167 DEBUG A.SeleniumBrowser [main] Selenium browser Launch - After creating new hashMap
2021-02-10 13:09:31,167 DEBUG A.SeleniumBrowser [main] Selenium browser Launch - After reading MasterDownloadFolder property: C:\home\NepManagerDownloads
2021-02-10 13:09:31,168 DEBUG A.SeleniumBrowser [main] Selenium browser Launch - After put to hash
2021-02-10 13:09:31,168 DEBUG A.SeleniumBrowser [main] Selenium browser Launch - After new chrome options
2021-02-10 13:09:31,168 DEBUG A.SeleniumBrowser [main] Selenium browser Launch - After chrome setExperimentalOption
2021-02-10 13:09:31,168 DEBUG A.SeleniumBrowser [main] Selenium browser Launch - Before setting several chrome options
2021-02-10 13:09:31,179 DEBUG A.SeleniumBrowser [main] Selenium browser Launch - Before creating new chrome driver
2021-02-10 13:09:34,812 DEBUG A.SeleniumBrowser [main] Selenium browser Launch - After creating new chrome driver
2021-02-10 13:09:34,815 DEBUG A.SeleniumBrowser [main] After Setting implicit timeout
2021-02-10 13:09:36,828 DEBUG A.SeleniumBrowser [main] After maximizing window 
2021-02-10 13:09:36,829 DEBUG A.SeleniumBrowser [main] LoadURL: Before check if driver equals to null 
2021-02-10 13:09:36,829 DEBUG A.SeleniumBrowser [main] LoadURL: After check if driver equals to null 
2021-02-10 13:09:36,830 DEBUG A.SeleniumBrowser [main] LoadURL: URL =  https://portal.qa.tw-test.net
2021-02-10 13:09:42,204 DEBUG A.SeleniumBrowser [main] LoadURL: after get URL =  https://portal.qa.tw-test.net
2021-02-10 13:09:43,832 DEBUG A.BrowserActions [main] Waiting for login button to be clickable...
2021-02-10 13:09:43,970 DEBUG A.BrowserActions [main] Login button clicked successfully...
2021-02-10 13:09:46,320 DEBUG A.SeleniumBrowser [main] LoadURL: Before check if driver equals to null 
2021-02-10 13:09:46,320 DEBUG A.SeleniumBrowser [main] LoadURL: After check if driver equals to null 
2021-02-10 13:09:46,320 DEBUG A.SeleniumBrowser [main] LoadURL: URL =  https://portal.qa.tw-test.net/#/support?menuKey=file-cabinet&stackKey=file-cabinet-files
2021-02-10 13:09:46,532 DEBUG A.SeleniumBrowser [main] LoadURL: after get URL =  https://portal.qa.tw-test.net/#/support?menuKey=file-cabinet&stackKey=file-cabinet-files
2021-02-10 13:09:53,608 DEBUG A.BrowserActions [main] customerSelector_element clicked
2021-02-10 13:09:53,962 DEBUG A.BrowserActions [main] searchText_element cleared
2021-02-10 13:09:54,540 DEBUG A.BrowserActions [main] searchText_element keys sent: TrustwaveEP Test#21
2021-02-10 13:09:56,610 DEBUG A.BrowserActions [main] customerNameBy - Before wait to be clickable 
2021-02-10 13:09:56,657 DEBUG A.BrowserActions [main] customerNameBy - After wait to be clickable 
2021-02-10 13:09:57,221 DEBUG A.BrowserActions [main] customerName - After click 
2021-02-10 13:11:42,709 ERROR A.BrowserActions [main] Could not download endpoint installation files
org.openqa.selenium.WebDriverException: chrome not reachable
  (Session info: chrome=88.0.4324.150)
Build info: version: '3.141.59', revision: 'e82be7d358', time: '2018-11-14T08:17:03'
System info: host: 'NTY-EN-8D25HC2', ip: '10.243.68.65', os.name: 'Windows 10', os.arch: 'amd64', os.version: '10.0', java.version: '12.0.2'
Driver info: org.openqa.selenium.chrome.ChromeDriver
Capabilities {acceptInsecureCerts: false, browserName: chrome, browserVersion: 88.0.4324.150, chrome: {chromedriverVersion: 87.0.4280.20 (c99e81631faa0..., userDataDir: C:\Users\MOSHE~1.AVI\AppDat...}, goog:chromeOptions: {debuggerAddress: localhost:63247}, javascriptEnabled: true, networkConnectionEnabled: false, pageLoadStrategy: normal, platform: WINDOWS, platformName: WINDOWS, proxy: Proxy(), setWindowRect: true, strictFileInteractability: false, timeouts: {implicit: 0, pageLoad: 300000, script: 30000}, unhandledPromptBehavior: dismiss and notify, webauthn:virtualAuthenticators: true}
Session ID: 3e1c14677435bfeca1fdaca423f65767
*** Element info: {Using=xpath, value=//twa-file-cabinet-view//twa-datalist//twa-button[@icon='tw-refresh']//material-button}
	at jdk.internal.reflect.NativeConstructorAccessorImpl.newInstance0(Native Method) ~[?:?]
	at jdk.internal.reflect.NativeConstructorAccessorImpl.newInstance(NativeConstructorAccessorImpl.java:62) ~[?:?]
	at jdk.internal.reflect.DelegatingConstructorAccessorImpl.newInstance(DelegatingConstructorAccessorImpl.java:45) ~[?:?]
	at java.lang.reflect.Constructor.newInstanceWithCaller(Constructor.java:500) ~[?:?]
	at java.lang.reflect.Constructor.newInstance(Constructor.java:481) ~[?:?]
	at org.openqa.selenium.remote.http.W3CHttpResponseCodec.createException(W3CHttpResponseCodec.java:187) ~[selenium-remote-driver-3.141.59.jar:?]
	at org.openqa.selenium.remote.http.W3CHttpResponseCodec.decode(W3CHttpResponseCodec.java:122) ~[selenium-remote-driver-3.141.59.jar:?]
	at org.openqa.selenium.remote.http.W3CHttpResponseCodec.decode(W3CHttpResponseCodec.java:49) ~[selenium-remote-driver-3.141.59.jar:?]
	at org.openqa.selenium.remote.HttpCommandExecutor.execute(HttpCommandExecutor.java:158) ~[selenium-remote-driver-3.141.59.jar:?]
	at org.openqa.selenium.remote.service.DriverCommandExecutor.execute(DriverCommandExecutor.java:83) ~[selenium-remote-driver-3.141.59.jar:?]
	at org.openqa.selenium.remote.RemoteWebDriver.execute(RemoteWebDriver.java:552) ~[selenium-remote-driver-3.141.59.jar:?]
	at org.openqa.selenium.remote.RemoteWebDriver.findElement(RemoteWebDriver.java:323) ~[selenium-remote-driver-3.141.59.jar:?]
	at org.openqa.selenium.remote.RemoteWebDriver.findElementByXPath(RemoteWebDriver.java:428) ~[selenium-remote-driver-3.141.59.jar:?]
	at org.openqa.selenium.By$ByXPath.findElement(By.java:353) ~[selenium-api-3.141.59.jar:?]
	at org.openqa.selenium.remote.RemoteWebDriver.findElement(RemoteWebDriver.java:315) ~[selenium-remote-driver-3.141.59.jar:?]
	at org.openqa.selenium.support.ui.ExpectedConditions$7.apply(ExpectedConditions.java:205) ~[selenium-support-3.141.59.jar:?]
	at org.openqa.selenium.support.ui.ExpectedConditions$7.apply(ExpectedConditions.java:201) ~[selenium-support-3.141.59.jar:?]
	at org.openqa.selenium.support.ui.ExpectedConditions$22.apply(ExpectedConditions.java:641) ~[selenium-support-3.141.59.jar:?]
	at org.openqa.selenium.support.ui.ExpectedConditions$22.apply(ExpectedConditions.java:638) ~[selenium-support-3.141.59.jar:?]
	at org.openqa.selenium.support.ui.FluentWait.until(FluentWait.java:249) ~[selenium-support-3.141.59.jar:?]
	at Pages.GenericPage.WaitUntilObjectClickable(GenericPage.java:30) ~[classes/:?]
	at Actions.BrowserActions.DownloadInstaller(BrowserActions.java:588) ~[classes/:?]
	at Actions.BrowserActions.DownloadFilesFromTrustWaveEndPointFolder(BrowserActions.java:504) ~[classes/:?]
	at Tests.Environments.DownloadInstallers.downloadInstallersFromFileCabinet(DownloadInstallers.java:36) ~[classes/:?]
	at jdk.internal.reflect.NativeMethodAccessorImpl.invoke0(Native Method) ~[?:?]
	at jdk.internal.reflect.NativeMethodAccessorImpl.invoke(NativeMethodAccessorImpl.java:62) ~[?:?]
	at jdk.internal.reflect.DelegatingMethodAccessorImpl.invoke(DelegatingMethodAccessorImpl.java:43) ~[?:?]
	at java.lang.reflect.Method.invoke(Method.java:567) ~[?:?]
	at org.testng.internal.MethodInvocationHelper.invokeMethod(MethodInvocationHelper.java:134) ~[testng-7.1.0.jar:?]
	at org.testng.internal.TestInvoker.invokeMethod(TestInvoker.java:597) ~[testng-7.1.0.jar:?]
	at org.testng.internal.TestInvoker.invokeTestMethod(TestInvoker.java:173) ~[testng-7.1.0.jar:?]
	at org.testng.internal.MethodRunner.runInSequence(MethodRunner.java:46) ~[testng-7.1.0.jar:?]
	at org.testng.internal.TestInvoker$MethodInvocationAgent.invoke(TestInvoker.java:816) ~[testng-7.1.0.jar:?]
	at org.testng.internal.TestInvoker.invokeTestMethods(TestInvoker.java:146) ~[testng-7.1.0.jar:?]
	at org.testng.internal.TestMethodWorker.invokeTestMethods(TestMethodWorker.java:146) ~[testng-7.1.0.jar:?]
	at org.testng.internal.TestMethodWorker.run(TestMethodWorker.java:128) ~[testng-7.1.0.jar:?]
	at java.util.ArrayList.forEach(ArrayList.java:1540) [?:?]
	at org.testng.TestRunner.privateRun(TestRunner.java:766) [testng-7.1.0.jar:?]
	at org.testng.TestRunner.run(TestRunner.java:587) [testng-7.1.0.jar:?]
	at org.testng.SuiteRunner.runTest(SuiteRunner.java:384) [testng-7.1.0.jar:?]
	at org.testng.SuiteRunner.runSequentially(SuiteRunner.java:378) [testng-7.1.0.jar:?]
	at org.testng.SuiteRunner.privateRun(SuiteRunner.java:337) [testng-7.1.0.jar:?]
	at org.testng.SuiteRunner.run(SuiteRunner.java:286) [testng-7.1.0.jar:?]
	at org.testng.SuiteRunnerWorker.runSuite(SuiteRunnerWorker.java:53) [testng-7.1.0.jar:?]
	at org.testng.SuiteRunnerWorker.run(SuiteRunnerWorker.java:96) [testng-7.1.0.jar:?]
	at org.testng.TestNG.runSuitesSequentially(TestNG.java:1187) [testng-7.1.0.jar:?]
	at org.testng.TestNG.runSuitesLocally(TestNG.java:1109) [testng-7.1.0.jar:?]
	at org.testng.TestNG.runSuites(TestNG.java:1039) [testng-7.1.0.jar:?]
	at org.testng.TestNG.run(TestNG.java:1007) [testng-7.1.0.jar:?]
	at Utils.Main.RunTest.main(RunTest.java:116) [classes/:?]
