2021-01-24 16:13:37,918 DEBUG T.RecordedTest [main] screenshot file: C:\Nep-4-next\nep-qa-next@f35aa3a96df\nep-qa-automation/test-output/capture/InitAndCleanupPortal-24-01-2021-16.13.37.png
2021-01-24 16:13:38,044 INFO T.E.InitAndCleanupPortal [main] Starting Cleanup agents
2021-01-24 16:13:46,587 INFO U.R.SSHManager [main] Connected Successfully to host 10.243.68.240
2021-01-24 16:13:46,607 INFO U.R.SSHManager [main] Going to executing command: hostname
2021-01-24 16:13:46,654 DEBUG U.R.SSHManager [main] Done.
2021-01-24 16:13:46,655 INFO U.R.SSHManager [main] Going to executing command: Cluster
2021-01-24 16:13:46,697 WARN U.R.SSHManager [main] Error response: 
'Cluster' is not recognized as an internal or external command,
operable program or batch file.
2021-01-24 16:13:52,841 INFO A.SimulatedAgentActions [main] SimulatedAgentActions, DS URL: https://endpoint-protection-services.qa.tw-test.net:443/
2021-01-24 16:13:52,900 INFO T.E.InitAndCleanupPortal [main] Going to send delete action to Centcom for agent on hostanem NTY-EN-8D25HC2
2021-01-24 16:13:52,901 DEBUG A.SeleniumBrowser [main] Selenium browser Launch - Before switch application type: Chrome
2021-01-24 16:13:52,902 DEBUG A.SeleniumBrowser [main] Setting Chrome driver location: C:/home/NepManagerDownloads/utils/chromedriver.exe
2021-01-24 16:13:52,905 DEBUG A.SeleniumBrowser [main] Selenium browser Launch - After creating new hashMap
2021-01-24 16:13:52,906 DEBUG A.SeleniumBrowser [main] Selenium browser Launch - After reading MasterDownloadFolder property: C:\home\NepManagerDownloads
2021-01-24 16:13:52,906 DEBUG A.SeleniumBrowser [main] Selenium browser Launch - After put to hash
2021-01-24 16:13:52,913 DEBUG A.SeleniumBrowser [main] Selenium browser Launch - After new chrome options
2021-01-24 16:13:52,917 DEBUG A.SeleniumBrowser [main] Selenium browser Launch - After chrome setExperimentalOption
2021-01-24 16:13:52,918 DEBUG A.SeleniumBrowser [main] Selenium browser Launch - Before setting several chrome options
2021-01-24 16:13:52,958 DEBUG A.SeleniumBrowser [main] Selenium browser Launch - Before creating new chrome driver
2021-01-24 16:14:02,596 DEBUG A.SeleniumBrowser [main] Selenium browser Launch - After creating new chrome driver
2021-01-24 16:14:02,684 DEBUG A.SeleniumBrowser [main] After Setting implicit timeout
2021-01-24 16:14:04,816 DEBUG A.SeleniumBrowser [main] After maximizing window 
2021-01-24 16:14:04,817 DEBUG A.SeleniumBrowser [main] LoadURL: Before check if driver equals to null 
2021-01-24 16:14:04,817 DEBUG A.SeleniumBrowser [main] LoadURL: After check if driver equals to null 
2021-01-24 16:14:04,818 DEBUG A.SeleniumBrowser [main] LoadURL: URL =  https://portal.qa.tw-test.net
2021-01-24 16:14:10,029 DEBUG A.SeleniumBrowser [main] LoadURL: after get URL =  https://portal.qa.tw-test.net
2021-01-24 16:14:12,185 DEBUG A.BrowserActions [main] Waiting for login button to be clickable...
2021-01-24 16:14:12,342 DEBUG A.BrowserActions [main] Login button clicked successfully...
2021-01-24 16:14:14,407 DEBUG A.SeleniumBrowser [main] LoadURL: Before check if driver equals to null 
2021-01-24 16:14:14,407 DEBUG A.SeleniumBrowser [main] LoadURL: After check if driver equals to null 
2021-01-24 16:14:14,407 DEBUG A.SeleniumBrowser [main] LoadURL: URL =  https://portal.qa.tw-test.net/#/operations?menuKey=centcom-devices&stackKey=entity-search&types=EntityType.AGENT
2021-01-24 16:14:14,762 DEBUG A.SeleniumBrowser [main] LoadURL: after get URL =  https://portal.qa.tw-test.net/#/operations?menuKey=centcom-devices&stackKey=entity-search&types=EntityType.AGENT
2021-01-24 16:14:55,525 ERROR A.BrowserActions [main] Cluster is already exists
2021-01-24 16:15:59,287 ERROR A.BrowserActions [main] Could not select the specific cluster  at CentCom search page. cluster: 
org.openqa.selenium.NoSuchElementException: Cannot locate an element using xpath=//*[@id="default-acx-overlay-container"]/div[52]/material-dialog/focus-trap/div[2]/div/footer/div/twa-button[2]/material-button/div/div
For documentation on this error, please visit: https://www.seleniumhq.org/exceptions/no_such_element.html
Build info: version: '3.141.59', revision: 'e82be7d358', time: '2018-11-14T08:17:03'
System info: host: 'NTY-EN-8D25HC2', ip: '10.243.68.240', os.name: 'Windows 10', os.arch: 'amd64', os.version: '10.0', java.version: '12.0.2'
Driver info: driver.version: RemoteWebDriver
	at org.openqa.selenium.remote.RemoteWebDriver.findElement(RemoteWebDriver.java:327) ~[selenium-remote-driver-3.141.59.jar:?]
	at org.openqa.selenium.remote.RemoteWebDriver.findElementByXPath(RemoteWebDriver.java:428) ~[selenium-remote-driver-3.141.59.jar:?]
	at org.openqa.selenium.By$ByXPath.findElement(By.java:353) ~[selenium-api-3.141.59.jar:?]
	at org.openqa.selenium.remote.RemoteWebDriver.findElement(RemoteWebDriver.java:315) ~[selenium-remote-driver-3.141.59.jar:?]
	at org.openqa.selenium.support.pagefactory.DefaultElementLocator.findElement(DefaultElementLocator.java:69) ~[selenium-support-3.141.59.jar:?]
	at org.openqa.selenium.support.pagefactory.internal.LocatingElementHandler.invoke(LocatingElementHandler.java:38) ~[selenium-support-3.141.59.jar:?]
	at com.sun.proxy.$Proxy30.click(Unknown Source) ~[?:?]
	at Actions.BrowserActions.CreateNewCluster(BrowserActions.java:781) ~[classes/:?]
	at Tests.Environments.InitAndCleanupPortal.CreateNewClusterActions(InitAndCleanupPortal.java:129) ~[classes/:?]
	at Tests.Environments.InitAndCleanupPortal.cleanupAgents(InitAndCleanupPortal.java:67) ~[classes/:?]
	at jdk.internal.reflect.NativeMethodAccessorImpl.invoke0(Native Method) ~[?:?]
	at jdk.internal.reflect.NativeMethodAccessorImpl.invoke(NativeMethodAccessorImpl.java:62) ~[?:?]
	at jdk.internal.reflect.DelegatingMethodAccessorImpl.invoke(DelegatingMethodAccessorImpl.java:43) ~[?:?]
	at java.lang.reflect.Method.invoke(Method.java:567) ~[?:?]
	at org.testng.internal.MethodInvocationHelper.invokeMethod(MethodInvocationHelper.java:134) ~[testng-7.1.0.jar:?]
	at org.testng.internal.TestInvoker.invokeMethod(TestInvoker.java:597) ~[testng-7.1.0.jar:?]
	at org.testng.internal.TestInvoker.invokeTestMethod(TestInvoker.java:173) ~[testng-7.1.0.jar:?]
	at org.testng.internal.MethodRunner.runInSequence(MethodRunner.java:46) ~[testng-7.1.0.jar:?]
	at org.testng.internal.TestInvoker$MethodInvocationAgent.invoke(TestInvoker.java:816) ~[testng-7.1.0.jar:?]
	at org.testng.internal.TestInvoker.invokeTestMethods(TestInvoker.java:146) ~[testng-7.1.0.jar:?]
	at org.testng.internal.TestMethodWorker.invokeTestMethods(TestMethodWorker.java:146) ~[testng-7.1.0.jar:?]
	at org.testng.internal.TestMethodWorker.run(TestMethodWorker.java:128) ~[testng-7.1.0.jar:?]
	at java.util.ArrayList.forEach(ArrayList.java:1540) [?:?]
	at org.testng.TestRunner.privateRun(TestRunner.java:766) [testng-7.1.0.jar:?]
	at org.testng.TestRunner.run(TestRunner.java:587) [testng-7.1.0.jar:?]
	at org.testng.SuiteRunner.runTest(SuiteRunner.java:384) [testng-7.1.0.jar:?]
	at org.testng.SuiteRunner.runSequentially(SuiteRunner.java:378) [testng-7.1.0.jar:?]
	at org.testng.SuiteRunner.privateRun(SuiteRunner.java:337) [testng-7.1.0.jar:?]
	at org.testng.SuiteRunner.run(SuiteRunner.java:286) [testng-7.1.0.jar:?]
	at org.testng.SuiteRunnerWorker.runSuite(SuiteRunnerWorker.java:53) [testng-7.1.0.jar:?]
	at org.testng.SuiteRunnerWorker.run(SuiteRunnerWorker.java:96) [testng-7.1.0.jar:?]
	at org.testng.TestNG.runSuitesSequentially(TestNG.java:1187) [testng-7.1.0.jar:?]
	at org.testng.TestNG.runSuitesLocally(TestNG.java:1109) [testng-7.1.0.jar:?]
	at org.testng.TestNG.runSuites(TestNG.java:1039) [testng-7.1.0.jar:?]
	at org.testng.TestNG.run(TestNG.java:1007) [testng-7.1.0.jar:?]
	at Utils.Main.RunTest.main(RunTest.java:116) [classes/:?]
2021-01-24 16:15:59,304 INFO T.E.InitAndCleanupPortal [main] Agent was found and delete action was done in Centcom, going to wait until service is uninstalled from agent
2021-01-24 16:16:04,307 INFO U.R.SSHManager [main] Going to executing command: net start
2021-01-24 16:16:04,382 DEBUG U.R.SSHManager [main] Done.
2021-01-24 16:16:09,433 INFO U.R.SSHManager [main] Going to executing command: net start
2021-01-24 16:16:09,584 DEBUG U.R.SSHManager [main] Done.
2021-01-24 16:16:14,586 INFO U.R.SSHManager [main] Going to executing command: net start
2021-01-24 16:16:14,622 DEBUG U.R.SSHManager [main] Done.
