2020-12-28 09:21:51,434 DEBUG T.RecordedTest [main] screenshot file: C:\Nep-4-next\nep-qa-next@f35aa3a96df\nep-qa-automation/test-output/capture/InitAndCleanupPortal-28-12-2020-09.21.51.png
2020-12-28 09:21:51,485 INFO T.E.InitAndCleanupPortal [main] Starting Cleanup agents
2020-12-28 09:21:57,971 INFO U.R.SSHManager [main] Connected Successfully to host 10.243.68.150
2020-12-28 09:21:57,973 INFO U.R.SSHManager [main] Going to executing command: hostname
2020-12-28 09:21:58,000 DEBUG U.R.SSHManager [main] Done.
2020-12-28 09:22:02,239 INFO A.SimulatedAgentActions [main] SimulatedAgentActions, DS URL: https://endpoint-protection-services.qa.tw-test.net:443/
2020-12-28 09:22:02,274 INFO T.E.InitAndCleanupPortal [main] Going to send delete action to Centcom for agent on hostanem NTY-EN-8D25HC2
2020-12-28 09:22:02,275 DEBUG A.SeleniumBrowser [main] Selenium browser Launch - Before switch application type: Chrome
2020-12-28 09:22:02,276 DEBUG A.SeleniumBrowser [main] Setting Chrome driver location: C:/home/NepManagerDownloads/utils/chromedriver.exe
2020-12-28 09:22:02,276 DEBUG A.SeleniumBrowser [main] Selenium browser Launch - After creating new hashMap
2020-12-28 09:22:02,278 DEBUG A.SeleniumBrowser [main] Selenium browser Launch - After reading MasterDownloadFolder property: C:\home\NepManagerDownloads
2020-12-28 09:22:02,278 DEBUG A.SeleniumBrowser [main] Selenium browser Launch - After put to hash
2020-12-28 09:22:02,283 DEBUG A.SeleniumBrowser [main] Selenium browser Launch - After new chrome options
2020-12-28 09:22:02,286 DEBUG A.SeleniumBrowser [main] Selenium browser Launch - After chrome setExperimentalOption
2020-12-28 09:22:02,286 DEBUG A.SeleniumBrowser [main] Selenium browser Launch - Before setting several chrome options
2020-12-28 09:22:02,291 DEBUG A.SeleniumBrowser [main] Selenium browser Launch - Before creating new chrome driver
2020-12-28 09:22:08,659 DEBUG A.SeleniumBrowser [main] Selenium browser Launch - After creating new chrome driver
2020-12-28 09:22:08,693 DEBUG A.SeleniumBrowser [main] After Setting implicit timeout
2020-12-28 09:22:10,707 DEBUG A.SeleniumBrowser [main] After maximizing window 
2020-12-28 09:22:10,707 DEBUG A.SeleniumBrowser [main] LoadURL: Before check if driver equals to null 
2020-12-28 09:22:10,708 DEBUG A.SeleniumBrowser [main] LoadURL: After check if driver equals to null 
2020-12-28 09:22:10,708 DEBUG A.SeleniumBrowser [main] LoadURL: URL =  https://portal.qa.tw-test.net
2020-12-28 09:22:16,578 DEBUG A.SeleniumBrowser [main] LoadURL: after get URL =  https://portal.qa.tw-test.net
2020-12-28 09:22:18,015 DEBUG A.BrowserActions [main] Waiting for login button to be clickable...
2020-12-28 09:22:18,190 DEBUG A.BrowserActions [main] Login button clicked successfully...
2020-12-28 09:22:20,053 DEBUG A.SeleniumBrowser [main] LoadURL: Before check if driver equals to null 
2020-12-28 09:22:20,053 DEBUG A.SeleniumBrowser [main] LoadURL: After check if driver equals to null 
2020-12-28 09:22:20,054 DEBUG A.SeleniumBrowser [main] LoadURL: URL =  https://portal.qa.tw-test.net/#/operations?menuKey=centcom-devices&stackKey=entity-search&types=EntityType.AGENT
2020-12-28 09:22:20,492 DEBUG A.SeleniumBrowser [main] LoadURL: after get URL =  https://portal.qa.tw-test.net/#/operations?menuKey=centcom-devices&stackKey=entity-search&types=EntityType.AGENT
2020-12-28 09:22:39,571 ERROR A.BrowserActions [main] Could not select the specific cluster  at CentCom search page. cluster: Test123456
org.openqa.selenium.NoSuchWindowException: no such window: target window already closed
from unknown error: web view not found
  (Session info: chrome=87.0.4280.88)
Build info: version: '3.141.59', revision: 'e82be7d358', time: '2018-11-14T08:17:03'
System info: host: 'NTY-EN-8D25HC2', ip: '10.243.68.150', os.name: 'Windows 10', os.arch: 'amd64', os.version: '10.0', java.version: '12.0.2'
Driver info: org.openqa.selenium.chrome.ChromeDriver
Capabilities {acceptInsecureCerts: false, browserName: chrome, browserVersion: 87.0.4280.88, chrome: {chromedriverVersion: 87.0.4280.20 (c99e81631faa0..., userDataDir: C:\Users\MOSHE~1.AVI\AppDat...}, goog:chromeOptions: {debuggerAddress: localhost:55119}, javascriptEnabled: true, networkConnectionEnabled: false, pageLoadStrategy: normal, platform: WINDOWS, platformName: WINDOWS, proxy: Proxy(), setWindowRect: true, strictFileInteractability: false, timeouts: {implicit: 0, pageLoad: 300000, script: 30000}, unhandledPromptBehavior: dismiss and notify, webauthn:virtualAuthenticators: true}
Session ID: ecda55d7bbb90e3c8cf2fc757229518e
*** Element info: {Using=xpath, value=//div[contains(text(),'Clusters')]}
	at jdk.internal.reflect.NativeConstructorAccessorImpl.newInstance0(Native Method) ~[?:?]
	at jdk.internal.reflect.NativeConstructorAccessorImpl.newInstance(NativeConstructorAccessorImpl.java:62) ~[?:?]
	at jdk.internal.reflect.DelegatingConstructorAccessorImpl.newInstance(DelegatingConstructorAccessorImpl.java:45) ~[?:?]
	at java.lang.reflect.Constructor.newInstanceWithCaller(Constructor.java:500) ~[?:?]
	at java.lang.reflect.Constructor.newInstance(Constructor.java:481) ~[?:?]
	at org.openqa.selenium.remote.http.W3CHttpResponseCodec.createException(W3CHttpResponseCodec.java:187) ~[selenium-remote-driver-3.141.59.jar:?]
	at org.openqa.selenium.remote.http.W3CHttpResponseCodec.decode(W3CHttpResponseCodec.java:122) ~[selenium-remote-driver-3.141.59.jar:?]
	at org.openqa.selenium.remote.http.W3CHttpResponseCodec.decode(W3CHttpResponseCodec.java:49) ~[selenium-remote-driver-3.141.59.jar:?]
	at org.openqa.selenium.remote.HttpCommandExecutor.execute(HttpCommandExecutor.java:158) ~[selenium-remote-driver-3.141.59.jar:?]
	at org.openqa.selenium.remote.service.DriverCommandExecutor.execute(DriverCommandExecutor.java:83) ~[selenium-remote-driver-3.141.59.jar:?]
	at org.openqa.selenium.remote.RemoteWebDriver.execute(RemoteWebDriver.java:552) ~[selenium-remote-driver-3.141.59.jar:?]
	at org.openqa.selenium.remote.RemoteWebDriver.findElement(RemoteWebDriver.java:323) ~[selenium-remote-driver-3.141.59.jar:?]
	at org.openqa.selenium.remote.RemoteWebDriver.findElementByXPath(RemoteWebDriver.java:428) ~[selenium-remote-driver-3.141.59.jar:?]
	at org.openqa.selenium.By$ByXPath.findElement(By.java:353) ~[selenium-api-3.141.59.jar:?]
	at org.openqa.selenium.remote.RemoteWebDriver.findElement(RemoteWebDriver.java:315) ~[selenium-remote-driver-3.141.59.jar:?]
	at org.openqa.selenium.support.pagefactory.DefaultElementLocator.findElement(DefaultElementLocator.java:69) ~[selenium-support-3.141.59.jar:?]
	at org.openqa.selenium.support.pagefactory.internal.LocatingElementHandler.invoke(LocatingElementHandler.java:38) ~[selenium-support-3.141.59.jar:?]
	at com.sun.proxy.$Proxy30.click(Unknown Source) ~[?:?]
	at Actions.BrowserActions.CreateNewCluster(BrowserActions.java:680) ~[classes/:?]
	at Tests.Environments.InitAndCleanupPortal.deleteEndpointFromCentCom(InitAndCleanupPortal.java:123) ~[classes/:?]
	at Tests.Environments.InitAndCleanupPortal.cleanupAgents(InitAndCleanupPortal.java:65) ~[classes/:?]
	at jdk.internal.reflect.NativeMethodAccessorImpl.invoke0(Native Method) ~[?:?]
	at jdk.internal.reflect.NativeMethodAccessorImpl.invoke(NativeMethodAccessorImpl.java:62) ~[?:?]
	at jdk.internal.reflect.DelegatingMethodAccessorImpl.invoke(DelegatingMethodAccessorImpl.java:43) ~[?:?]
	at java.lang.reflect.Method.invoke(Method.java:567) ~[?:?]
	at org.testng.internal.MethodInvocationHelper.invokeMethod(MethodInvocationHelper.java:134) ~[testng-7.1.0.jar:?]
	at org.testng.internal.TestInvoker.invokeMethod(TestInvoker.java:597) ~[testng-7.1.0.jar:?]
	at org.testng.internal.TestInvoker.invokeTestMethod(TestInvoker.java:173) ~[testng-7.1.0.jar:?]
	at org.testng.internal.MethodRunner.runInSequence(MethodRunner.java:46) ~[testng-7.1.0.jar:?]
	at org.testng.internal.TestInvoker$MethodInvocationAgent.invoke(TestInvoker.java:816) ~[testng-7.1.0.jar:?]
	at org.testng.internal.TestInvoker.invokeTestMethods(TestInvoker.java:146) ~[testng-7.1.0.jar:?]
	at org.testng.internal.TestMethodWorker.invokeTestMethods(TestMethodWorker.java:146) ~[testng-7.1.0.jar:?]
	at org.testng.internal.TestMethodWorker.run(TestMethodWorker.java:128) ~[testng-7.1.0.jar:?]
	at java.util.ArrayList.forEach(ArrayList.java:1540) [?:?]
	at org.testng.TestRunner.privateRun(TestRunner.java:766) [testng-7.1.0.jar:?]
	at org.testng.TestRunner.run(TestRunner.java:587) [testng-7.1.0.jar:?]
	at org.testng.SuiteRunner.runTest(SuiteRunner.java:384) [testng-7.1.0.jar:?]
	at org.testng.SuiteRunner.runSequentially(SuiteRunner.java:378) [testng-7.1.0.jar:?]
	at org.testng.SuiteRunner.privateRun(SuiteRunner.java:337) [testng-7.1.0.jar:?]
	at org.testng.SuiteRunner.run(SuiteRunner.java:286) [testng-7.1.0.jar:?]
	at org.testng.SuiteRunnerWorker.runSuite(SuiteRunnerWorker.java:53) [testng-7.1.0.jar:?]
	at org.testng.SuiteRunnerWorker.run(SuiteRunnerWorker.java:96) [testng-7.1.0.jar:?]
	at org.testng.TestNG.runSuitesSequentially(TestNG.java:1187) [testng-7.1.0.jar:?]
	at org.testng.TestNG.runSuitesLocally(TestNG.java:1109) [testng-7.1.0.jar:?]
	at org.testng.TestNG.runSuites(TestNG.java:1039) [testng-7.1.0.jar:?]
	at org.testng.TestNG.run(TestNG.java:1007) [testng-7.1.0.jar:?]
	at Utils.Main.RunTest.main(RunTest.java:116) [classes/:?]
2020-12-28 09:32:29,252 DEBUG T.RecordedTest [main] screenshot file: C:\Nep-4-next\nep-qa-next@f35aa3a96df\nep-qa-automation/test-output/capture/InitAndCleanupPortal-28-12-2020-09.32.29.png
2020-12-28 09:32:29,259 INFO T.E.InitAndCleanupPortal [main] Starting Cleanup agents
2020-12-28 09:32:35,275 INFO U.R.SSHManager [main] Connected Successfully to host 10.243.68.150
2020-12-28 09:32:35,277 INFO U.R.SSHManager [main] Going to executing command: hostname
2020-12-28 09:32:35,305 DEBUG U.R.SSHManager [main] Done.
2020-12-28 09:32:39,366 INFO A.SimulatedAgentActions [main] SimulatedAgentActions, DS URL: https://endpoint-protection-services.qa.tw-test.net:443/
2020-12-28 09:32:39,398 INFO T.E.InitAndCleanupPortal [main] Going to send delete action to Centcom for agent on hostanem NTY-EN-8D25HC2
2020-12-28 09:32:39,399 DEBUG A.SeleniumBrowser [main] Selenium browser Launch - Before switch application type: Chrome
2020-12-28 09:32:39,399 DEBUG A.SeleniumBrowser [main] Setting Chrome driver location: C:/home/NepManagerDownloads/utils/chromedriver.exe
2020-12-28 09:32:39,400 DEBUG A.SeleniumBrowser [main] Selenium browser Launch - After creating new hashMap
2020-12-28 09:32:39,401 DEBUG A.SeleniumBrowser [main] Selenium browser Launch - After reading MasterDownloadFolder property: C:\home\NepManagerDownloads
2020-12-28 09:32:39,401 DEBUG A.SeleniumBrowser [main] Selenium browser Launch - After put to hash
2020-12-28 09:32:39,405 DEBUG A.SeleniumBrowser [main] Selenium browser Launch - After new chrome options
2020-12-28 09:32:39,409 DEBUG A.SeleniumBrowser [main] Selenium browser Launch - After chrome setExperimentalOption
2020-12-28 09:32:39,409 DEBUG A.SeleniumBrowser [main] Selenium browser Launch - Before setting several chrome options
2020-12-28 09:32:39,415 DEBUG A.SeleniumBrowser [main] Selenium browser Launch - Before creating new chrome driver
2020-12-28 09:32:43,376 DEBUG A.SeleniumBrowser [main] Selenium browser Launch - After creating new chrome driver
2020-12-28 09:32:43,386 DEBUG A.SeleniumBrowser [main] After Setting implicit timeout
2020-12-28 09:32:45,405 DEBUG A.SeleniumBrowser [main] After maximizing window 
2020-12-28 09:32:45,405 DEBUG A.SeleniumBrowser [main] LoadURL: Before check if driver equals to null 
2020-12-28 09:32:45,405 DEBUG A.SeleniumBrowser [main] LoadURL: After check if driver equals to null 
2020-12-28 09:32:45,406 DEBUG A.SeleniumBrowser [main] LoadURL: URL =  https://portal.qa.tw-test.net
2020-12-28 09:32:52,238 DEBUG A.SeleniumBrowser [main] LoadURL: after get URL =  https://portal.qa.tw-test.net
2020-12-28 09:32:53,794 DEBUG A.BrowserActions [main] Waiting for login button to be clickable...
2020-12-28 09:32:54,012 DEBUG A.BrowserActions [main] Login button clicked successfully...
2020-12-28 09:32:56,147 DEBUG A.SeleniumBrowser [main] LoadURL: Before check if driver equals to null 
2020-12-28 09:32:56,147 DEBUG A.SeleniumBrowser [main] LoadURL: After check if driver equals to null 
2020-12-28 09:32:56,148 DEBUG A.SeleniumBrowser [main] LoadURL: URL =  https://portal.qa.tw-test.net/#/operations?menuKey=centcom-devices&stackKey=entity-search&types=EntityType.AGENT
2020-12-28 09:32:56,568 DEBUG A.SeleniumBrowser [main] LoadURL: after get URL =  https://portal.qa.tw-test.net/#/operations?menuKey=centcom-devices&stackKey=entity-search&types=EntityType.AGENT
2020-12-28 09:33:16,758 INFO A.BrowserActions [main] Successfully created a new cluster : Test123456
2020-12-28 09:33:44,018 DEBUG T.RecordedTest [main] screenshot file: C:\Nep-4-next\nep-qa-next@f35aa3a96df\nep-qa-automation/test-output/capture/InitAndCleanupPortal-28-12-2020-09.33.44.png
2020-12-28 09:33:44,024 INFO T.E.InitAndCleanupPortal [main] Starting Cleanup agents
2020-12-28 09:33:49,216 INFO U.R.SSHManager [main] Connected Successfully to host 10.243.68.150
2020-12-28 09:33:49,218 INFO U.R.SSHManager [main] Going to executing command: hostname
2020-12-28 09:33:49,246 DEBUG U.R.SSHManager [main] Done.
2020-12-28 09:33:53,092 INFO A.SimulatedAgentActions [main] SimulatedAgentActions, DS URL: https://endpoint-protection-services.qa.tw-test.net:443/
2020-12-28 09:33:53,126 INFO T.E.InitAndCleanupPortal [main] Going to send delete action to Centcom for agent on hostanem NTY-EN-8D25HC2
2020-12-28 09:33:53,127 DEBUG A.SeleniumBrowser [main] Selenium browser Launch - Before switch application type: Chrome
2020-12-28 09:33:53,128 DEBUG A.SeleniumBrowser [main] Setting Chrome driver location: C:/home/NepManagerDownloads/utils/chromedriver.exe
2020-12-28 09:33:53,129 DEBUG A.SeleniumBrowser [main] Selenium browser Launch - After creating new hashMap
2020-12-28 09:33:53,129 DEBUG A.SeleniumBrowser [main] Selenium browser Launch - After reading MasterDownloadFolder property: C:\home\NepManagerDownloads
2020-12-28 09:33:53,130 DEBUG A.SeleniumBrowser [main] Selenium browser Launch - After put to hash
2020-12-28 09:33:53,134 DEBUG A.SeleniumBrowser [main] Selenium browser Launch - After new chrome options
2020-12-28 09:33:53,138 DEBUG A.SeleniumBrowser [main] Selenium browser Launch - After chrome setExperimentalOption
2020-12-28 09:33:53,140 DEBUG A.SeleniumBrowser [main] Selenium browser Launch - Before setting several chrome options
2020-12-28 09:33:53,149 DEBUG A.SeleniumBrowser [main] Selenium browser Launch - Before creating new chrome driver
2020-12-28 09:33:57,183 DEBUG A.SeleniumBrowser [main] Selenium browser Launch - After creating new chrome driver
2020-12-28 09:33:57,193 DEBUG A.SeleniumBrowser [main] After Setting implicit timeout
2020-12-28 09:33:59,208 DEBUG A.SeleniumBrowser [main] After maximizing window 
2020-12-28 09:33:59,209 DEBUG A.SeleniumBrowser [main] LoadURL: Before check if driver equals to null 
2020-12-28 09:33:59,209 DEBUG A.SeleniumBrowser [main] LoadURL: After check if driver equals to null 
2020-12-28 09:33:59,209 DEBUG A.SeleniumBrowser [main] LoadURL: URL =  https://portal.qa.tw-test.net
2020-12-28 09:34:07,853 DEBUG A.SeleniumBrowser [main] LoadURL: after get URL =  https://portal.qa.tw-test.net
2020-12-28 09:34:09,487 DEBUG A.BrowserActions [main] Waiting for login button to be clickable...
2020-12-28 09:34:09,694 DEBUG A.BrowserActions [main] Login button clicked successfully...
2020-12-28 09:34:11,754 DEBUG A.SeleniumBrowser [main] LoadURL: Before check if driver equals to null 
2020-12-28 09:34:11,754 DEBUG A.SeleniumBrowser [main] LoadURL: After check if driver equals to null 
2020-12-28 09:34:11,754 DEBUG A.SeleniumBrowser [main] LoadURL: URL =  https://portal.qa.tw-test.net/#/operations?menuKey=centcom-devices&stackKey=entity-search&types=EntityType.AGENT
2020-12-28 09:34:12,181 DEBUG A.SeleniumBrowser [main] LoadURL: after get URL =  https://portal.qa.tw-test.net/#/operations?menuKey=centcom-devices&stackKey=entity-search&types=EntityType.AGENT
2020-12-28 09:34:28,928 ERROR U.T.InvokedMethodListener [main] Cluster name is  already exists Test123456

Video: C:\Nep-4-next\nep-qa-next@f35aa3a96df\nep-qa-automation/test-output/capture/InitAndCleanupPortal-28-12-2020-09.33.44.avi
ScreenShot: C:\Nep-4-next\nep-qa-next@f35aa3a96df\nep-qa-automation/test-output/capture/InitAndCleanupPortal-28-12-2020-09.33.44.png


